<?xml version="1.0" encoding="UTF-8"?>
<testng-results ignored="1" total="4" passed="3" failed="0" skipped="0">
  <reporter-output>
  </reporter-output>
  <suite started-at="2025-08-19T17:24:00 IST" name="All Test Suite" finished-at="2025-08-19T17:25:41 IST" duration-ms="100181">
    <groups>
    </groups>
    <test started-at="2025-08-19T17:24:00 IST" name="C:/Users/W3villa/Desktop/Automation Framework Development/FrameworkDevelopment/src/test/java/com/practice/testCases/productPageTestCase.java" finished-at="2025-08-19T17:25:41 IST" duration-ms="100181">
      <class name="com.practice.testCases.TC_myAccountPageTestDataDrivenTesting">
        <test-method is-config="true" signature="setup()[pri:0, instance:com.practice.testCases.TC_myAccountPageTestDataDrivenTesting@6743e411]" started-at="2025-08-19T17:24:01 IST" name="setup" finished-at="2025-08-19T17:24:14 IST" duration-ms="13147" status="PASS">
          <reporter-output>
          </reporter-output>
        </test-method> <!-- setup -->
        <test-method signature="verifyLogin(java.lang.String,java.lang.String,java.lang.String)[pri:0, instance:com.practice.testCases.TC_myAccountPageTestDataDrivenTesting@6743e411]" started-at="2025-08-19T17:24:22 IST" name="verifyLogin" data-provider="loginDataProvider" finished-at="2025-08-19T17:24:34 IST" duration-ms="11840" status="PASS">
          <params>
            <param index="0">
              <value>
                <![CDATA[tarun.official352@gmail.com]]>
              </value>
            </param>
            <param index="1">
              <value>
                <![CDATA[Tarun1234]]>
              </value>
            </param>
            <param index="2">
              <value>
                <![CDATA[Tarun Chauhan]]>
              </value>
            </param>
          </params>
          <reporter-output>
          </reporter-output>
        </test-method> <!-- verifyLogin -->
        <test-method is-config="true" signature="tearDown()[pri:0, instance:com.practice.testCases.TC_myAccountPageTestDataDrivenTesting@6743e411]" started-at="2025-08-19T17:25:39 IST" name="tearDown" finished-at="2025-08-19T17:25:41 IST" duration-ms="1277" status="PASS">
          <reporter-output>
          </reporter-output>
        </test-method> <!-- tearDown -->
      </class> <!-- com.practice.testCases.TC_myAccountPageTestDataDrivenTesting -->
      <class name="com.practice.testCases.productPageTestCase">
        <test-method is-config="true" signature="setup()[pri:0, instance:com.practice.testCases.productPageTestCase@62ddbd7e]" started-at="2025-08-19T17:24:34 IST" name="setup" finished-at="2025-08-19T17:24:44 IST" duration-ms="9417" status="PASS">
          <reporter-output>
          </reporter-output>
        </test-method> <!-- setup -->
        <test-method signature="VerifyProduct(java.lang.String,java.lang.String,java.lang.String)[pri:0, instance:com.practice.testCases.productPageTestCase@62ddbd7e]" started-at="2025-08-19T17:24:45 IST" name="VerifyProduct" data-provider="verifyProductDataProvider" finished-at="2025-08-19T17:24:57 IST" duration-ms="11949" status="PASS">
          <params>
            <param index="0">
              <value>
                <![CDATA[tarun.official352@gmail.com]]>
              </value>
            </param>
            <param index="1">
              <value>
                <![CDATA[Tarun1234]]>
              </value>
            </param>
            <param index="2">
              <value>
                <![CDATA[T-shirts]]>
              </value>
            </param>
          </params>
          <reporter-output>
          </reporter-output>
        </test-method> <!-- VerifyProduct -->
        <test-method signature="verifyBuyProduct()[pri:0, instance:com.practice.testCases.productPageTestCase@62ddbd7e]" started-at="2025-08-19T17:24:57 IST" name="verifyBuyProduct" finished-at="2025-08-19T17:25:39 IST" duration-ms="42005" status="PASS">
          <reporter-output>
          </reporter-output>
        </test-method> <!-- verifyBuyProduct -->
      </class> <!-- com.practice.testCases.productPageTestCase -->
    </test> <!-- C:/Users/W3villa/Desktop/Automation Framework Development/FrameworkDevelopment/src/test/java/com/practice/testCases/productPageTestCase.java -->
  </suite> <!-- All Test Suite -->
</testng-results>
